#
# There is insufficient memory for the Java Runtime Environment to continue.
# Native memory allocation (malloc) failed to allocate 1048576 bytes for AllocateHeap
# Possible reasons:
#   The system is out of physical RAM or swap space
#   The process is running with CompressedOops enabled, and the Java Heap may be blocking the growth of the native heap
# Possible solutions:
#   Reduce memory load on the system
#   Increase physical memory or swap space
#   Check if swap backing store is full
#   Decrease Java heap size (-Xmx/-Xms)
#   Decrease number of Java threads
#   Decrease Java thread stack sizes (-Xss)
#   Set larger code cache with -XX:ReservedCodeCacheSize=
#   JVM is running with Zero Based Compressed Oops mode in which the Java heap is
#     placed in the first 32GB address space. The Java Heap base address is the
#     maximum limit for the native heap growth. Please use -XX:HeapBaseMinAddress
#     to set the Java Heap base and to place the Java Heap above 32GB virtual address.
# This output file may be truncated or incomplete.
#
#  Out of Memory Error (t:/workspace/open/src/hotspot/share/memory/allocation.cpp:45), pid=22228, tid=22256
#
# JRE version: Java(TM) SE Runtime Environment (13.0.2+8) (build 13.0.2+8)
# Java VM: Java HotSpot(TM) 64-Bit Server VM (13.0.2+8, mixed mode, sharing, tiered, compressed oops, g1 gc, windows-amd64)
# No core dump will be written. Minidumps are not enabled by default on client versions of Windows
#

---------------  S U M M A R Y ------------

Command Line: -agentlib:jdwp=transport=dt_socket,address=127.0.0.1:51274,suspend=y,server=n -Dvisualvm.id=450952010248100 -XX:TieredStopAtLevel=1 -Xverify:none -Dspring.output.ansi.enabled=always -Dcom.sun.management.jmxremote -Dspring.jmx.enabled=true -Dspring.liveBeansView.mbeanDomain -Dspring.application.admin.enabled=true -javaagent:C:\Users\davidpaul\.IntelliJIdea2019.2\system\groovyHotSwap\gragent.jar -javaagent:C:\Users\davidpaul\.IntelliJIdea2019.2\system\captureAgent\debugger-agent.jar -Dfile.encoding=UTF-8 com.rest.api.SpringRestApiApplication

Host: Intel(R) Core(TM) i9-9900K CPU @ 3.60GHz, 16 cores, 31G,  Windows 10 , 64 bit Build 18362 (10.0.18362.329)
Time: Thu Apr 16 11:03:42 2020 ¢¥eCN©öI¡¾©ö C¡ÍA¨ª¨öA elapsed time: 0 seconds (0d 0h 0m 0s)

---------------  T H R E A D  ---------------

Current thread (0x00000294809fb800):  VMThread "VM Thread" [stack: 0x000000d0e2f00000,0x000000d0e3000000] [id=22256]

Stack: [0x000000d0e2f00000,0x000000d0e3000000]
[error occurred during error reporting (printing stack bounds), id 0xc0000005, EXCEPTION_ACCESS_VIOLATION (0xc0000005) at pc=0x00000294daa610ad]

Native frames: (J=compiled Java code, j=interpreted, Vv=VM code, C=native code)
V  [jvm.dll+0x624f9a]
V  [jvm.dll+0x770cfa]
V  [jvm.dll+0x7724af]
V  [jvm.dll+0x772a15]
V  [jvm.dll+0x7729cb]
V  [jvm.dll+0x6244df]
C  [ntdll.dll+0x78636]
C  [ntdll.dll+0x6a0d6]
C  [ntdll.dll+0x9fe8e]
C  0x00000294daa610ad

VM_Operation (0x000000d0e48fc5c0): CollectForMetadataAllocation, mode: safepoint, requested by thread 0x000002948219f000


---------------  P R O C E S S  ---------------

Threads class SMR info:
_java_thread_list=0x00000294821ab560, length=14, elements={
0x00000294d0d8f000, 0x00000294809fc800, 0x00000294809fd800, 0x0000029480a1c000,
0x0000029480a1d000, 0x0000029480a1f800, 0x0000029480a20800, 0x0000029480b1a000,
0x0000029480b57800, 0x0000029480b6b800, 0x0000029480b6d800, 0x00000294818ec000,
0x0000029481a6e800, 0x000002948219f000
}

Java Threads: ( => current thread )
  0x00000294d0d8f000 JavaThread "main" [_thread_blocked, id=14936, stack(0x000000d0e2900000,0x000000d0e2a00000)]
  0x00000294809fc800 JavaThread "Reference Handler" daemon [_thread_blocked, id=19488, stack(0x000000d0e3000000,0x000000d0e3100000)]
  0x00000294809fd800 JavaThread "Finalizer" daemon [_thread_blocked, id=18588, stack(0x000000d0e3100000,0x000000d0e3200000)]
  0x0000029480a1c000 JavaThread "Signal Dispatcher" daemon [_thread_blocked, id=20928, stack(0x000000d0e3200000,0x000000d0e3300000)]
  0x0000029480a1d000 JavaThread "Attach Listener" daemon [_thread_blocked, id=17040, stack(0x000000d0e3300000,0x000000d0e3400000)]
  0x0000029480a1f800 JavaThread "C1 CompilerThread0" daemon [_thread_blocked, id=3764, stack(0x000000d0e3400000,0x000000d0e3500000)]
  0x0000029480a20800 JavaThread "Sweeper thread" daemon [_thread_blocked, id=21700, stack(0x000000d0e3500000,0x000000d0e3600000)]
  0x0000029480b1a000 JavaThread "Common-Cleaner" daemon [_thread_blocked, id=9376, stack(0x000000d0e3600000,0x000000d0e3700000)]
  0x0000029480b57800 JavaThread "JDWP Transport Listener: dt_socket" daemon [_thread_blocked, id=21016, stack(0x000000d0e3700000,0x000000d0e3800000)]
  0x0000029480b6b800 JavaThread "JDWP Event Helper Thread" daemon [_thread_blocked, id=13716, stack(0x000000d0e3800000,0x000000d0e3900000)]
  0x0000029480b6d800 JavaThread "JDWP Command Reader" daemon [_thread_in_native, id=10252, stack(0x000000d0e3900000,0x000000d0e3a00000)]
  0x00000294818ec000 JavaThread "Service Thread" daemon [_thread_blocked, id=21220, stack(0x000000d0e3a00000,0x000000d0e3b00000)]
  0x0000029481a6e800 JavaThread "RMI TCP Accept-0" daemon [_thread_in_native, id=20964, stack(0x000000d0e3b00000,0x000000d0e3c00000)]
  0x000002948219f000 JavaThread "background-preinit" [_thread_blocked, id=21464, stack(0x000000d0e4800000,0x000000d0e4900000)]

Other Threads:
=>0x00000294809fb800 VMThread "VM Thread" [stack: 0x000000d0e2f00000,0x000000d0e3000000] [id=22256]
  0x0000029481a75000 WatcherThread [stack: 0x000000d0e3c00000,0x000000d0e3d00000] [id=13060]
  0x00000294d0e19800 GCTaskThread "GC Thread#0" [stack: 0x000000d0e2a00000,0x000000d0e2b00000] [id=17004]
  0x000002948207d000 GCTaskThread "GC Thread#1" [stack: 0x000000d0e3d00000,0x000000d0e3e00000] [id=1068]
  0x0000029481d0d800 GCTaskThread "GC Thread#2" [stack: 0x000000d0e3e00000,0x000000d0e3f00000] [id=15908]
  0x0000029481d0e000 GCTaskThread "GC Thread#3" [stack: 0x000000d0e3f00000,0x000000d0e4000000] [id=21540]
  0x000002948207e800 GCTaskThread "GC Thread#4" [stack: 0x000000d0e4000000,0x000000d0e4100000] [id=16880]
  0x0000029482084000 GCTaskThread "GC Thread#5" [stack: 0x000000d0e4100000,0x000000d0e4200000] [id=10712]
  0x0000029482085000 GCTaskThread "GC Thread#6" [stack: 0x000000d0e4200000,0x000000d0e4300000] [id=14412]
  0x0000029482085800 GCTaskThread "GC Thread#7" [stack: 0x000000d0e4300000,0x000000d0e4400000] [id=400]
  0x0000029482086800 GCTaskThread "GC Thread#8" [stack: 0x000000d0e4400000,0x000000d0e4500000] [id=14384]
  0x000002948208b800 GCTaskThread "GC Thread#9" [stack: 0x000000d0e4500000,0x000000d0e4600000] [id=15316]
  0x000002948208c000 GCTaskThread "GC Thread#10" [stack: 0x000000d0e4600000,0x000000d0e4700000] [id=19224]
  0x000002948208d000 GCTaskThread "GC Thread#11" [stack: 0x000000d0e4700000,0x000000d0e4800000] [id=12416]
  0x00000294d0e3a800 ConcurrentGCThread "G1 Main Marker" [stack: 0x000000d0e2b00000,0x000000d0e2c00000] [id=9688]
  0x00000294d0e3c000 ConcurrentGCThread "G1 Conc#0" [stack: 0x000000d0e2c00000,0x000000d0e2d00000] [id=15964]
  0x00000294ffb94000 ConcurrentGCThread "G1 Refine#0" [stack: 0x000000d0e2d00000,0x000000d0e2e00000] [id=7576]
  0x00000294ffb97000 ConcurrentGCThread "G1 Young RemSet Sampling" [stack: 0x000000d0e2e00000,0x000000d0e2f00000] [id=1552]

Threads with active compile tasks:

VM state:at safepoint (normal execution)

VM Mutex/Monitor currently owned by a thread:  ([mutex/lock_event])
[0x00000294d0d8aeb0] Threads_lock - owner thread: 0x00000294809fb800
[0x00000294d0d8cb60] Heap_lock - owner thread: 0x000002948219f000

OutOfMemory and StackOverflow Exception counts:
OutOfMemoryError java_heap_errors=3
LinkageErrors=9

Heap address: 0x0000000605600000, size: 8106 MB, Compressed Oops mode: Zero based, Oop shift amount: 3
Narrow klass base: 0x0000000800000000, Narrow klass shift: 3
Compressed class space size: 1073741824 Address: 0x0000000800b40000

Heap:
 garbage-first heap   total 520192K, used 8269K [0x0000000605600000, 0x0000000800000000)
  region size 2048K, 3 young (6144K), 3 survivors (6144K)
 Metaspace       used 6406K, capacity 6741K, committed 6784K, reserved 1064960K
  class space    used 778K, capacity 874K, committed 896K, reserved 1048576K
Heap Regions: E=young(eden), S=young(survivor), O=old, HS=humongous(starts), HC=humongous(continues), CS=collection set, F=free, A=archive, TAMS=top-at-mark-start (previous, next)
|   0|0x0000000605600000, 0x0000000605800000, 0x0000000605800000|100%| O|  |TAMS 0x0000000605600000, 0x0000000605800000| Untracked 
|   1|0x0000000605800000, 0x00000006058a1e00, 0x0000000605a00000| 31%| O|  |TAMS 0x0000000605800000, 0x00000006058a1e00| Untracked 
|   2|0x0000000605a00000, 0x0000000605a00000, 0x0000000605c00000|  0%| F|  |TAMS 0x0000000605a00000, 0x0000000605a00000| Untracked 
|   3|0x0000000605c00000, 0x0000000605c00000, 0x0000000605e00000|  0%| F|  |TAMS 0x0000000605c00000, 0x0000000605c00000| Untracked 
|   4|0x0000000605e00000, 0x0000000605e00000, 0x0000000606000000|  0%| F|  |TAMS 0x0000000605e00000, 0x0000000605e00000| Untracked 
|   5|0x0000000606000000, 0x0000000606000000, 0x0000000606200000|  0%| F|  |TAMS 0x0000000606000000, 0x0000000606000000| Untracked 
|   6|0x0000000606200000, 0x0000000606200000, 0x0000000606400000|  0%| F|  |TAMS 0x0000000606200000, 0x0000000606200000| Untracked 
|   7|0x0000000606400000, 0x0000000606400000, 0x0000000606600000|  0%| F|  |TAMS 0x0000000606400000, 0x0000000606400000| Untracked 
|   8|0x0000000606600000, 0x0000000606600000, 0x0000000606800000|  0%| F|  |TAMS 0x0000000606600000, 0x0000000606600000| Untracked 
|   9|0x0000000606800000, 0x0000000606800000, 0x0000000606a00000|  0%| F|  |TAMS 0x0000000606800000, 0x0000000606800000| Untracked 
|  10|0x0000000606a00000, 0x0000000606a00000, 0x0000000606c00000|  0%| F|  |TAMS 0x0000000606a00000, 0x0000000606a00000| Untracked 
|  11|0x0000000606c00000, 0x0000000606c00000, 0x0000000606e00000|  0%| F|  |TAMS 0x0000000606c00000, 0x0000000606c00000| Untracked 
|  12|0x0000000606e00000, 0x0000000606e00000, 0x0000000607000000|  0%| F|  |TAMS 0x0000000606e00000, 0x0000000606e00000| Untracked 
|  13|0x0000000607000000, 0x0000000607000000, 0x0000000607200000|  0%| F|  |TAMS 0x0000000607000000, 0x0000000607000000| Untracked 
|  14|0x0000000607200000, 0x0000000607200000, 0x0000000607400000|  0%| F|  |TAMS 0x0000000607200000, 0x0000000607200000| Untracked 
|  15|0x0000000607400000, 0x0000000607400000, 0x0000000607600000|  0%| F|  |TAMS 0x0000000607400000, 0x0000000607400000| Untracked 
|  16|0x0000000607600000, 0x0000000607600000, 0x0000000607800000|  0%| F|  |TAMS 0x0000000607600000, 0x0000000607600000| Untracked 
|  17|0x0000000607800000, 0x0000000607800000, 0x0000000607a00000|  0%| F|  |TAMS 0x0000000607800000, 0x0000000607800000| Untracked 
|  18|0x0000000607a00000, 0x0000000607a00000, 0x0000000607c00000|  0%| F|  |TAMS 0x0000000607a00000, 0x0000000607a00000| Untracked 
|  19|0x0000000607c00000, 0x0000000607c00000, 0x0000000607e00000|  0%| F|  |TAMS 0x0000000607c00000, 0x0000000607c00000| Untracked 
|  20|0x0000000607e00000, 0x0000000607e00000, 0x0000000608000000|  0%| F|  |TAMS 0x0000000607e00000, 0x0000000607e00000| Untracked 
|  21|0x0000000608000000, 0x0000000608000000, 0x0000000608200000|  0%| F|  |TAMS 0x0000000608000000, 0x0000000608000000| Untracked 
|  22|0x0000000608200000, 0x0000000608200000, 0x0000000608400000|  0%| F|  |TAMS 0x0000000608200000, 0x0000000608200000| Untracked 
|  23|0x0000000608400000, 0x0000000608400000, 0x0000000608600000|  0%| F|  |TAMS 0x0000000608400000, 0x0000000608400000| Untracked 
|  24|0x0000000608600000, 0x0000000608600000, 0x0000000608800000|  0%| F|  |TAMS 0x0000000608600000, 0x0000000608600000| Untracked 
|  25|0x0000000608800000, 0x0000000608800000, 0x0000000608a00000|  0%| F|  |TAMS 0x0000000608800000, 0x0000000608800000| Untracked 
|  26|0x0000000608a00000, 0x0000000608a00000, 0x0000000608c00000|  0%| F|  |TAMS 0x0000000608a00000, 0x0000000608a00000| Untracked 
|  27|0x0000000608c00000, 0x0000000608c00000, 0x0000000608e00000|  0%| F|  |TAMS 0x0000000608c00000, 0x0000000608c00000| Untracked 
|  28|0x0000000608e00000, 0x0000000608e00000, 0x0000000609000000|  0%| F|  |TAMS 0x0000000608e00000, 0x0000000608e00000| Untracked 
|  29|0x0000000609000000, 0x0000000609000000, 0x0000000609200000|  0%| F|  |TAMS 0x0000000609000000, 0x0000000609000000| Untracked 
|  30|0x0000000609200000, 0x0000000609200000, 0x0000000609400000|  0%| F|  |TAMS 0x0000000609200000, 0x0000000609200000| Untracked 
|  31|0x0000000609400000, 0x0000000609400000, 0x0000000609600000|  0%| F|  |TAMS 0x0000000609400000, 0x0000000609400000| Untracked 
|  32|0x0000000609600000, 0x0000000609600000, 0x0000000609800000|  0%| F|  |TAMS 0x0000000609600000, 0x0000000609600000| Untracked 
|  33|0x0000000609800000, 0x0000000609800000, 0x0000000609a00000|  0%| F|  |TAMS 0x0000000609800000, 0x0000000609800000| Untracked 
|  34|0x0000000609a00000, 0x0000000609a00000, 0x0000000609c00000|  0%| F|  |TAMS 0x0000000609a00000, 0x0000000609a00000| Untracked 
|  35|0x0000000609c00000, 0x0000000609c00000, 0x0000000609e00000|  0%| F|  |TAMS 0x0000000609c00000, 0x0000000609c00000| Untracked 
|  36|0x0000000609e00000, 0x0000000609e00000, 0x000000060a000000|  0%| F|  |TAMS 0x0000000609e00000, 0x0000000609e00000| Untracked 
|  37|0x000000060a000000, 0x000000060a000000, 0x000000060a200000|  0%| F|  |TAMS 0x000000060a000000, 0x000000060a000000| Untracked 
|  38|0x000000060a200000, 0x000000060a200000, 0x000000060a400000|  0%| F|  |TAMS 0x000000060a200000, 0x000000060a200000| Untracked 
|  39|0x000000060a400000, 0x000000060a400000, 0x000000060a600000|  0%| F|  |TAMS 0x000000060a400000, 0x000000060a400000| Untracked 
|  40|0x000000060a600000, 0x000000060a600000, 0x000000060a800000|  0%| F|  |TAMS 0x000000060a600000, 0x000000060a600000| Untracked 
|  41|0x000000060a800000, 0x000000060a800000, 0x000000060aa00000|  0%| F|  |TAMS 0x000000060a800000, 0x000000060a800000| Untracked 
|  42|0x000000060aa00000, 0x000000060aa00000, 0x000000060ac00000|  0%| F|  |TAMS 0x000000060aa00000, 0x000000060aa00000| Untracked 
|  43|0x000000060ac00000, 0x000000060ac00000, 0x000000060ae00000|  0%| F|  |TAMS 0x000000060ac00000, 0x000000060ac00000| Untracked 
|  44|0x000000060ae00000, 0x000000060ae00000, 0x000000060b000000|  0%| F|  |TAMS 0x000000060ae00000, 0x000000060ae00000| Untracked 
|  45|0x000000060b000000, 0x000000060b000000, 0x000000060b200000|  0%| F|  |TAMS 0x000000060b000000, 0x000000060b000000| Untracked 
|  46|0x000000060b200000, 0x000000060b200000, 0x000000060b400000|  0%| F|  |TAMS 0x000000060b200000, 0x000000060b200000| Untracked 
|  47|0x000000060b400000, 0x000000060b400000, 0x000000060b600000|  0%| F|  |TAMS 0x000000060b400000, 0x000000060b400000| Untracked 
|  48|0x000000060b600000, 0x000000060b600000, 0x000000060b800000|  0%| F|  |TAMS 0x000000060b600000, 0x000000060b600000| Untracked 
|  49|0x000000060b800000, 0x000000060b800000, 0x000000060ba00000|  0%| F|  |TAMS 0x000000060b800000, 0x000000060b800000| Untracked 
|  50|0x000000060ba00000, 0x000000060ba00000, 0x000000060bc00000|  0%| F|  |TAMS 0x000000060ba00000, 0x000000060ba00000| Untracked 
|  51|0x000000060bc00000, 0x000000060bc00000, 0x000000060be00000|  0%| F|  |TAMS 0x000000060bc00000, 0x000000060bc00000| Untracked 
|  52|0x000000060be00000, 0x000000060be00000, 0x000000060c000000|  0%| F|  |TAMS 0x000000060be00000, 0x000000060be00000| Untracked 
|  53|0x000000060c000000, 0x000000060c000000, 0x000000060c200000|  0%| F|  |TAMS 0x000000060c000000, 0x000000060c000000| Untracked 
|  54|0x000000060c200000, 0x000000060c200000, 0x000000060c400000|  0%| F|  |TAMS 0x000000060c200000, 0x000000060c200000| Untracked 
|  55|0x000000060c400000, 0x000000060c400000, 0x000000060c600000|  0%| F|  |TAMS 0x000000060c400000, 0x000000060c400000| Untracked 
|  56|0x000000060c600000, 0x000000060c600000, 0x000000060c800000|  0%| F|  |TAMS 0x000000060c600000, 0x000000060c600000| Untracked 
|  57|0x000000060c800000, 0x000000060c800000, 0x000000060ca00000|  0%| F|  |TAMS 0x000000060c800000, 0x000000060c800000| Untracked 
|  58|0x000000060ca00000, 0x000000060ca00000, 0x000000060cc00000|  0%| F|  |TAMS 0x000000060ca00000, 0x000000060ca00000| Untracked 
|  59|0x000000060cc00000, 0x000000060cc00000, 0x000000060ce00000|  0%| F|  |TAMS 0x000000060cc00000, 0x000000060cc00000| Untracked 
|  60|0x000000060ce00000, 0x000000060ce00000, 0x000000060d000000|  0%| F|  |TAMS 0x000000060ce00000, 0x000000060ce00000| Untracked 
|  61|0x000000060d000000, 0x000000060d000000, 0x000000060d200000|  0%| F|  |TAMS 0x000000060d000000, 0x000000060d000000| Untracked 
|  62|0x000000060d200000, 0x000000060d200000, 0x000000060d400000|  0%| F|  |TAMS 0x000000060d200000, 0x000000060d200000| Untracked 
|  63|0x000000060d400000, 0x000000060d400000, 0x000000060d600000|  0%| F|  |TAMS 0x000000060d400000, 0x000000060d400000| Untracked 
|  64|0x000000060d600000, 0x000000060d600000, 0x000000060d800000|  0%| F|  |TAMS 0x000000060d600000, 0x000000060d600000| Untracked 
|  65|0x000000060d800000, 0x000000060d800000, 0x000000060da00000|  0%| F|  |TAMS 0x000000060d800000, 0x000000060d800000| Untracked 
|  66|0x000000060da00000, 0x000000060da00000, 0x000000060dc00000|  0%| F|  |TAMS 0x000000060da00000, 0x000000060da00000| Untracked 
|  67|0x000000060dc00000, 0x000000060dc00000, 0x000000060de00000|  0%| F|  |TAMS 0x000000060dc00000, 0x000000060dc00000| Untracked 
|  68|0x000000060de00000, 0x000000060de00000, 0x000000060e000000|  0%| F|  |TAMS 0x000000060de00000, 0x000000060de00000| Untracked 
|  69|0x000000060e000000, 0x000000060e000000, 0x000000060e200000|  0%| F|  |TAMS 0x000000060e000000, 0x000000060e000000| Untracked 
|  70|0x000000060e200000, 0x000000060e200000, 0x000000060e400000|  0%| F|  |TAMS 0x000000060e200000, 0x000000060e200000| Untracked 
|  71|0x000000060e400000, 0x000000060e400000, 0x000000060e600000|  0%| F|  |TAMS 0x000000060e400000, 0x000000060e400000| Untracked 
|  72|0x000000060e600000, 0x000000060e600000, 0x000000060e800000|  0%| F|  |TAMS 0x000000060e600000, 0x000000060e600000| Untracked 
|  73|0x000000060e800000, 0x000000060e800000, 0x000000060ea00000|  0%| F|  |TAMS 0x000000060e800000, 0x000000060e800000| Untracked 
|  74|0x000000060ea00000, 0x000000060ea00000, 0x000000060ec00000|  0%| F|  |TAMS 0x000000060ea00000, 0x000000060ea00000| Untracked 
|  75|0x000000060ec00000, 0x000000060ec00000, 0x000000060ee00000|  0%| F|  |TAMS 0x000000060ec00000, 0x000000060ec00000| Untracked 
|  76|0x000000060ee00000, 0x000000060ee00000, 0x000000060f000000|  0%| F|  |TAMS 0x000000060ee00000, 0x000000060ee00000| Untracked 
|  77|0x000000060f000000, 0x000000060f000000, 0x000000060f200000|  0%| F|  |TAMS 0x000000060f000000, 0x000000060f000000| Untracked 
|  78|0x000000060f200000, 0x000000060f200000, 0x000000060f400000|  0%| F|  |TAMS 0x000000060f200000, 0x000000060f200000| Untracked 
|  79|0x000000060f400000, 0x000000060f400000, 0x000000060f600000|  0%| F|  |TAMS 0x000000060f400000, 0x000000060f400000| Untracked 
|  80|0x000000060f600000, 0x000000060f600000, 0x000000060f800000|  0%| F|  |TAMS 0x000000060f600000, 0x000000060f600000| Untracked 
|  81|0x000000060f800000, 0x000000060f800000, 0x000000060fa00000|  0%| F|  |TAMS 0x000000060f800000, 0x000000060f800000| Untracked 
|  82|0x000000060fa00000, 0x000000060fa00000, 0x000000060fc00000|  0%| F|  |TAMS 0x000000060fa00000, 0x000000060fa00000| Untracked 
|  83|0x000000060fc00000, 0x000000060fc00000, 0x000000060fe00000|  0%| F|  |TAMS 0x000000060fc00000, 0x000000060fc00000| Untracked 
|  84|0x000000060fe00000, 0x000000060fe00000, 0x0000000610000000|  0%| F|  |TAMS 0x000000060fe00000, 0x000000060fe00000| Untracked 
|  85|0x0000000610000000, 0x0000000610000000, 0x0000000610200000|  0%| F|  |TAMS 0x0000000610000000, 0x0000000610000000| Untracked 
|  86|0x0000000610200000, 0x0000000610200000, 0x0000000610400000|  0%| F|  |TAMS 0x0000000610200000, 0x0000000610200000| Untracked 
|  87|0x0000000610400000, 0x0000000610400000, 0x0000000610600000|  0%| F|  |TAMS 0x0000000610400000, 0x0000000610400000| Untracked 
|  88|0x0000000610600000, 0x0000000610600000, 0x0000000610800000|  0%| F|  |TAMS 0x0000000610600000, 0x0000000610600000| Untracked 
|  89|0x0000000610800000, 0x0000000610800000, 0x0000000610a00000|  0%| F|  |TAMS 0x0000000610800000, 0x0000000610800000| Untracked 
|  90|0x0000000610a00000, 0x0000000610a00000, 0x0000000610c00000|  0%| F|  |TAMS 0x0000000610a00000, 0x0000000610a00000| Untracked 
|  91|0x0000000610c00000, 0x0000000610c00000, 0x0000000610e00000|  0%| F|  |TAMS 0x0000000610c00000, 0x0000000610c00000| Untracked 
|  92|0x0000000610e00000, 0x0000000610e00000, 0x0000000611000000|  0%| F|  |TAMS 0x0000000610e00000, 0x0000000610e00000| Untracked 
|  93|0x0000000611000000, 0x0000000611000000, 0x0000000611200000|  0%| F|  |TAMS 0x0000000611000000, 0x0000000611000000| Untracked 
|  94|0x0000000611200000, 0x0000000611200000, 0x0000000611400000|  0%| F|  |TAMS 0x0000000611200000, 0x0000000611200000| Untracked 
|  95|0x0000000611400000, 0x0000000611400000, 0x0000000611600000|  0%| F|  |TAMS 0x0000000611400000, 0x0000000611400000| Untracked 
|  96|0x0000000611600000, 0x0000000611600000, 0x0000000611800000|  0%| F|  |TAMS 0x0000000611600000, 0x0000000611600000| Untracked 
|  97|0x0000000611800000, 0x0000000611800000, 0x0000000611a00000|  0%| F|  |TAMS 0x0000000611800000, 0x0000000611800000| Untracked 
|  98|0x0000000611a00000, 0x0000000611a00000, 0x0000000611c00000|  0%| F|  |TAMS 0x0000000611a00000, 0x0000000611a00000| Untracked 
|  99|0x0000000611c00000, 0x0000000611c00000, 0x0000000611e00000|  0%| F|  |TAMS 0x0000000611c00000, 0x0000000611c00000| Untracked 
| 100|0x0000000611e00000, 0x0000000611e00000, 0x0000000612000000|  0%| F|  |TAMS 0x0000000611e00000, 0x0000000611e00000| Untracked 
| 101|0x0000000612000000, 0x0000000612000000, 0x0000000612200000|  0%| F|  |TAMS 0x0000000612000000, 0x0000000612000000| Untracked 
| 102|0x0000000612200000, 0x0000000612200000, 0x0000000612400000|  0%| F|  |TAMS 0x0000000612200000, 0x0000000612200000| Untracked 
| 103|0x0000000612400000, 0x0000000612400000, 0x0000000612600000|  0%| F|  |TAMS 0x0000000612400000, 0x0000000612400000| Untracked 
| 104|0x0000000612600000, 0x0000000612600000, 0x0000000612800000|  0%| F|  |TAMS 0x0000000612600000, 0x0000000612600000| Untracked 
| 105|0x0000000612800000, 0x0000000612800000, 0x0000000612a00000|  0%| F|  |TAMS 0x0000000612800000, 0x0000000612800000| Untracked 
| 106|0x0000000612a00000, 0x0000000612a00000, 0x0000000612c00000|  0%| F|  |TAMS 0x0000000612a00000, 0x0000000612a00000| Untracked 
| 107|0x0000000612c00000, 0x0000000612c00000, 0x0000000612e00000|  0%| F|  |TAMS 0x0000000612c00000, 0x0000000612c00000| Untracked 
| 108|0x0000000612e00000, 0x0000000612e00000, 0x0000000613000000|  0%| F|  |TAMS 0x0000000612e00000, 0x0000000612e00000| Untracked 
| 109|0x0000000613000000, 0x0000000613000000, 0x0000000613200000|  0%| F|  |TAMS 0x0000000613000000, 0x0000000613000000| Untracked 
| 110|0x0000000613200000, 0x0000000613200000, 0x0000000613400000|  0%| F|  |TAMS 0x0000000613200000, 0x0000000613200000| Untracked 
| 111|0x0000000613400000, 0x0000000613400000, 0x0000000613600000|  0%| F|  |TAMS 0x0000000613400000, 0x0000000613400000| Untracked 
| 112|0x0000000613600000, 0x0000000613600000, 0x0000000613800000|  0%| F|  |TAMS 0x0000000613600000, 0x0000000613600000| Untracked 
| 113|0x0000000613800000, 0x0000000613800000, 0x0000000613a00000|  0%| F|  |TAMS 0x0000000613800000, 0x0000000613800000| Untracked 
| 114|0x0000000613a00000, 0x0000000613a00000, 0x0000000613c00000|  0%| F|  |TAMS 0x0000000613a00000, 0x0000000613a00000| Untracked 
| 115|0x0000000613c00000, 0x0000000613c00000, 0x0000000613e00000|  0%| F|  |TAMS 0x0000000613c00000, 0x0000000613c00000| Untracked 
| 116|0x0000000613e00000, 0x0000000613e00000, 0x0000000614000000|  0%| F|  |TAMS 0x0000000613e00000, 0x0000000613e00000| Untracked 
| 117|0x0000000614000000, 0x0000000614000000, 0x0000000614200000|  0%| F|  |TAMS 0x0000000614000000, 0x0000000614000000| Untracked 
| 118|0x0000000614200000, 0x0000000614200000, 0x0000000614400000|  0%| F|  |TAMS 0x0000000614200000, 0x0000000614200000| Untracked 
| 119|0x0000000614400000, 0x0000000614400000, 0x0000000614600000|  0%| F|  |TAMS 0x0000000614400000, 0x0000000614400000| Untracked 
| 120|0x0000000614600000, 0x0000000614600000, 0x0000000614800000|  0%| F|  |TAMS 0x0000000614600000, 0x0000000614600000| Untracked 
| 121|0x0000000614800000, 0x0000000614800000, 0x0000000614a00000|  0%| F|  |TAMS 0x0000000614800000, 0x0000000614800000| Untracked 
| 122|0x0000000614a00000, 0x0000000614a00000, 0x0000000614c00000|  0%| F|  |TAMS 0x0000000614a00000, 0x0000000614a00000| Untracked 
| 123|0x0000000614c00000, 0x0000000614c00000, 0x0000000614e00000|  0%| F|  |TAMS 0x0000000614c00000, 0x0000000614c00000| Untracked 
| 124|0x0000000614e00000, 0x0000000614e00000, 0x0000000615000000|  0%| F|  |TAMS 0x0000000614e00000, 0x0000000614e00000| Untracked 
| 125|0x0000000615000000, 0x0000000615000000, 0x0000000615200000|  0%| F|  |TAMS 0x0000000615000000, 0x0000000615000000| Untracked 
| 126|0x0000000615200000, 0x0000000615200000, 0x0000000615400000|  0%| F|  |TAMS 0x0000000615200000, 0x0000000615200000| Untracked 
| 127|0x0000000615400000, 0x0000000615400000, 0x0000000615600000|  0%| F|  |TAMS 0x0000000615400000, 0x0000000615400000| Untracked 
| 128|0x0000000615600000, 0x0000000615600000, 0x0000000615800000|  0%| F|  |TAMS 0x0000000615600000, 0x0000000615600000| Untracked 
| 129|0x0000000615800000, 0x0000000615800000, 0x0000000615a00000|  0%| F|  |TAMS 0x0000000615800000, 0x0000000615800000| Untracked 
| 130|0x0000000615a00000, 0x0000000615a00000, 0x0000000615c00000|  0%| F|  |TAMS 0x0000000615a00000, 0x0000000615a00000| Untracked 
| 131|0x0000000615c00000, 0x0000000615c00000, 0x0000000615e00000|  0%| F|  |TAMS 0x0000000615c00000, 0x0000000615c00000| Untracked 
| 132|0x0000000615e00000, 0x0000000615e00000, 0x0000000616000000|  0%| F|  |TAMS 0x0000000615e00000, 0x0000000615e00000| Untracked 
| 133|0x0000000616000000, 0x0000000616000000, 0x0000000616200000|  0%| F|  |TAMS 0x0000000616000000, 0x0000000616000000| Untracked 
| 134|0x0000000616200000, 0x0000000616200000, 0x0000000616400000|  0%| F|  |TAMS 0x0000000616200000, 0x0000000616200000| Untracked 
| 135|0x0000000616400000, 0x0000000616400000, 0x0000000616600000|  0%| F|  |TAMS 0x0000000616400000, 0x0000000616400000| Untracked 
| 136|0x0000000616600000, 0x0000000616600000, 0x0000000616800000|  0%| F|  |TAMS 0x0000000616600000, 0x0000000616600000| Untracked 
| 137|0x0000000616800000, 0x0000000616800000, 0x0000000616a00000|  0%| F|  |TAMS 0x0000000616800000, 0x0000000616800000| Untracked 
| 138|0x0000000616a00000, 0x0000000616a00000, 0x0000000616c00000|  0%| F|  |TAMS 0x0000000616a00000, 0x0000000616a00000| Untracked 
| 139|0x0000000616c00000, 0x0000000616c00000, 0x0000000616e00000|  0%| F|  |TAMS 0x0000000616c00000, 0x0000000616c00000| Untracked 
| 140|0x0000000616e00000, 0x0000000616e00000, 0x0000000617000000|  0%| F|  |TAMS 0x0000000616e00000, 0x0000000616e00000| Untracked 
| 141|0x0000000617000000, 0x0000000617000000, 0x0000000617200000|  0%| F|  |TAMS 0x0000000617000000, 0x0000000617000000| Untracked 
| 142|0x0000000617200000, 0x0000000617200000, 0x0000000617400000|  0%| F|  |TAMS 0x0000000617200000, 0x0000000617200000| Untracked 
| 143|0x0000000617400000, 0x0000000617400000, 0x0000000617600000|  0%| F|  |TAMS 0x0000000617400000, 0x0000000617400000| Untracked 
| 144|0x0000000617600000, 0x0000000617600000, 0x0000000617800000|  0%| F|  |TAMS 0x0000000617600000, 0x0000000617600000| Untracked 
| 145|0x0000000617800000, 0x0000000617800000, 0x0000000617a00000|  0%| F|  |TAMS 0x0000000617800000, 0x0000000617800000| Untracked 
| 146|0x0000000617a00000, 0x0000000617a00000, 0x0000000617c00000|  0%| F|  |TAMS 0x0000000617a00000, 0x0000000617a00000| Untracked 
| 147|0x0000000617c00000, 0x0000000617c00000, 0x0000000617e00000|  0%| F|  |TAMS 0x0000000617c00000, 0x0000000617c00000| Untracked 
| 148|0x0000000617e00000, 0x0000000617e00000, 0x0000000618000000|  0%| F|  |TAMS 0x0000000617e00000, 0x0000000617e00000| Untracked 
| 149|0x0000000618000000, 0x0000000618000000, 0x0000000618200000|  0%| F|  |TAMS 0x0000000618000000, 0x0000000618000000| Untracked 
| 150|0x0000000618200000, 0x0000000618200000, 0x0000000618400000|  0%| F|  |TAMS 0x0000000618200000, 0x0000000618200000| Untracked 
| 151|0x0000000618400000, 0x0000000618400000, 0x0000000618600000|  0%| F|  |TAMS 0x0000000618400000, 0x0000000618400000| Untracked 
| 152|0x0000000618600000, 0x0000000618600000, 0x0000000618800000|  0%| F|  |TAMS 0x0000000618600000, 0x0000000618600000| Untracked 
| 153|0x0000000618800000, 0x0000000618800000, 0x0000000618a00000|  0%| F|  |TAMS 0x0000000618800000, 0x0000000618800000| Untracked 
| 154|0x0000000618a00000, 0x0000000618a00000, 0x0000000618c00000|  0%| F|  |TAMS 0x0000000618a00000, 0x0000000618a00000| Untracked 
| 155|0x0000000618c00000, 0x0000000618c00000, 0x0000000618e00000|  0%| F|  |TAMS 0x0000000618c00000, 0x0000000618c00000| Untracked 
| 156|0x0000000618e00000, 0x0000000618e00000, 0x0000000619000000|  0%| F|  |TAMS 0x0000000618e00000, 0x0000000618e00000| Untracked 
| 157|0x0000000619000000, 0x0000000619000000, 0x0000000619200000|  0%| F|  |TAMS 0x0000000619000000, 0x0000000619000000| Untracked 
| 158|0x0000000619200000, 0x0000000619200000, 0x0000000619400000|  0%| F|  |TAMS 0x0000000619200000, 0x0000000619200000| Untracked 
| 159|0x0000000619400000, 0x0000000619400000, 0x0000000619600000|  0%| F|  |TAMS 0x0000000619400000, 0x0000000619400000| Untracked 
| 160|0x0000000619600000, 0x0000000619600000, 0x0000000619800000|  0%| F|  |TAMS 0x0000000619600000, 0x0000000619600000| Untracked 
| 161|0x0000000619800000, 0x0000000619800000, 0x0000000619a00000|  0%| F|  |TAMS 0x0000000619800000, 0x0000000619800000| Untracked 
| 162|0x0000000619a00000, 0x0000000619a00000, 0x0000000619c00000|  0%| F|  |TAMS 0x0000000619a00000, 0x0000000619a00000| Untracked 
| 163|0x0000000619c00000, 0x0000000619c00000, 0x0000000619e00000|  0%| F|  |TAMS 0x0000000619c00000, 0x0000000619c00000| Untracked 
| 164|0x0000000619e00000, 0x0000000619e00000, 0x000000061a000000|  0%| F|  |TAMS 0x0000000619e00000, 0x0000000619e00000| Untracked 
| 165|0x000000061a000000, 0x000000061a000000, 0x000000061a200000|  0%| F|  |TAMS 0x000000061a000000, 0x000000061a000000| Untracked 
| 166|0x000000061a200000, 0x000000061a200000, 0x000000061a400000|  0%| F|  |TAMS 0x000000061a200000, 0x000000061a200000| Untracked 
| 167|0x000000061a400000, 0x000000061a400000, 0x000000061a600000|  0%| F|  |TAMS 0x000000061a400000, 0x000000061a400000| Untracked 
| 168|0x000000061a600000, 0x000000061a600000, 0x000000061a800000|  0%| F|  |TAMS 0x000000061a600000, 0x000000061a600000| Untracked 
| 169|0x000000061a800000, 0x000000061a800000, 0x000000061aa00000|  0%| F|  |TAMS 0x000000061a800000, 0x000000061a800000| Untracked 
| 170|0x000000061aa00000, 0x000000061aa00000, 0x000000061ac00000|  0%| F|  |TAMS 0x000000061aa00000, 0x000000061aa00000| Untracked 
| 171|0x000000061ac00000, 0x000000061ac00000, 0x000000061ae00000|  0%| F|  |TAMS 0x000000061ac00000, 0x000000061ac00000| Untracked 
| 172|0x000000061ae00000, 0x000000061ae00000, 0x000000061b000000|  0%| F|  |TAMS 0x000000061ae00000, 0x000000061ae00000| Untracked 
| 173|0x000000061b000000, 0x000000061b000000, 0x000000061b200000|  0%| F|  |TAMS 0x000000061b000000, 0x000000061b000000| Untracked 
| 174|0x000000061b200000, 0x000000061b200000, 0x000000061b400000|  0%| F|  |TAMS 0x000000061b200000, 0x000000061b200000| Untracked 
| 175|0x000000061b400000, 0x000000061b400000, 0x000000061b600000|  0%| F|  |TAMS 0x000000061b400000, 0x000000061b400000| Untracked 
| 176|0x000000061b600000, 0x000000061b600000, 0x000000061b800000|  0%| F|  |TAMS 0x000000061b600000, 0x000000061b600000| Untracked 
| 177|0x000000061b800000, 0x000000061b800000, 0x000000061ba00000|  0%| F|  |TAMS 0x000000061b800000, 0x000000061b800000| Untracked 
| 178|0x000000061ba00000, 0x000000061ba00000, 0x000000061bc00000|  0%| F|  |TAMS 0x000000061ba00000, 0x000000061ba00000| Untracked 
| 179|0x000000061bc00000, 0x000000061bc00000, 0x000000061be00000|  0%| F|  |TAMS 0x000000061bc00000, 0x000000061bc00000| Untracked 
| 180|0x000000061be00000, 0x000000061be00000, 0x000000061c000000|  0%| F|  |TAMS 0x000000061be00000, 0x000000061be00000| Untracked 
| 181|0x000000061c000000, 0x000000061c000000, 0x000000061c200000|  0%| F|  |TAMS 0x000000061c000000, 0x000000061c000000| Untracked 
| 182|0x000000061c200000, 0x000000061c200000, 0x000000061c400000|  0%| F|  |TAMS 0x000000061c200000, 0x000000061c200000| Untracked 
| 183|0x000000061c400000, 0x000000061c400000, 0x000000061c600000|  0%| F|  |TAMS 0x000000061c400000, 0x000000061c400000| Untracked 
| 184|0x000000061c600000, 0x000000061c600000, 0x000000061c800000|  0%| F|  |TAMS 0x000000061c600000, 0x000000061c600000| Untracked 
| 185|0x000000061c800000, 0x000000061c800000, 0x000000061ca00000|  0%| F|  |TAMS 0x000000061c800000, 0x000000061c800000| Untracked 
| 186|0x000000061ca00000, 0x000000061ca00000, 0x000000061cc00000|  0%| F|  |TAMS 0x000000061ca00000, 0x000000061ca00000| Untracked 
| 187|0x000000061cc00000, 0x000000061cc00000, 0x000000061ce00000|  0%| F|  |TAMS 0x000000061cc00000, 0x000000061cc00000| Untracked 
| 188|0x000000061ce00000, 0x000000061ce00000, 0x000000061d000000|  0%| F|  |TAMS 0x000000061ce00000, 0x000000061ce00000| Untracked 
| 189|0x000000061d000000, 0x000000061d000000, 0x000000061d200000|  0%| F|  |TAMS 0x000000061d000000, 0x000000061d000000| Untracked 
| 190|0x000000061d200000, 0x000000061d200000, 0x000000061d400000|  0%| F|  |TAMS 0x000000061d200000, 0x000000061d200000| Untracked 
| 191|0x000000061d400000, 0x000000061d400000, 0x000000061d600000|  0%| F|  |TAMS 0x000000061d400000, 0x000000061d400000| Untracked 
| 192|0x000000061d600000, 0x000000061d600000, 0x000000061d800000|  0%| F|  |TAMS 0x000000061d600000, 0x000000061d600000| Untracked 
| 193|0x000000061d800000, 0x000000061d800000, 0x000000061da00000|  0%| F|  |TAMS 0x000000061d800000, 0x000000061d800000| Untracked 
| 194|0x000000061da00000, 0x000000061da00000, 0x000000061dc00000|  0%| F|  |TAMS 0x000000061da00000, 0x000000061da00000| Untracked 
| 195|0x000000061dc00000, 0x000000061dc00000, 0x000000061de00000|  0%| F|  |TAMS 0x000000061dc00000, 0x000000061dc00000| Untracked 
| 196|0x000000061de00000, 0x000000061de00000, 0x000000061e000000|  0%| F|  |TAMS 0x000000061de00000, 0x000000061de00000| Untracked 
| 197|0x000000061e000000, 0x000000061e000000, 0x000000061e200000|  0%| F|  |TAMS 0x000000061e000000, 0x000000061e000000| Untracked 
| 198|0x000000061e200000, 0x000000061e200000, 0x000000061e400000|  0%| F|  |TAMS 0x000000061e200000, 0x000000061e200000| Untracked 
| 199|0x000000061e400000, 0x000000061e400000, 0x000000061e600000|  0%| F|  |TAMS 0x000000061e400000, 0x000000061e400000| Untracked 
| 200|0x000000061e600000, 0x000000061e600000, 0x000000061e800000|  0%| F|  |TAMS 0x000000061e600000, 0x000000061e600000| Untracked 
| 201|0x000000061e800000, 0x000000061e800000, 0x000000061ea00000|  0%| F|  |TAMS 0x000000061e800000, 0x000000061e800000| Untracked 
| 202|0x000000061ea00000, 0x000000061ea00000, 0x000000061ec00000|  0%| F|  |TAMS 0x000000061ea00000, 0x000000061ea00000| Untracked 
| 203|0x000000061ec00000, 0x000000061ec00000, 0x000000061ee00000|  0%| F|  |TAMS 0x000000061ec00000, 0x000000061ec00000| Untracked 
| 204|0x000000061ee00000, 0x000000061ee00000, 0x000000061f000000|  0%| F|  |TAMS 0x000000061ee00000, 0x000000061ee00000| Untracked 
| 205|0x000000061f000000, 0x000000061f000000, 0x000000061f200000|  0%| F|  |TAMS 0x000000061f000000, 0x000000061f000000| Untracked 
| 206|0x000000061f200000, 0x000000061f200000, 0x000000061f400000|  0%| F|  |TAMS 0x000000061f200000, 0x000000061f200000| Untracked 
| 207|0x000000061f400000, 0x000000061f400000, 0x000000061f600000|  0%| F|  |TAMS 0x000000061f400000, 0x000000061f400000| Untracked 
| 208|0x000000061f600000, 0x000000061f600000, 0x000000061f800000|  0%| F|  |TAMS 0x000000061f600000, 0x000000061f600000| Untracked 
| 209|0x000000061f800000, 0x000000061f800000, 0x000000061fa00000|  0%| F|  |TAMS 0x000000061f800000, 0x000000061f800000| Untracked 
| 210|0x000000061fa00000, 0x000000061fa00000, 0x000000061fc00000|  0%| F|  |TAMS 0x000000061fa00000, 0x000000061fa00000| Untracked 
| 211|0x000000061fc00000, 0x000000061fc00000, 0x000000061fe00000|  0%| F|  |TAMS 0x000000061fc00000, 0x000000061fc00000| Untracked 
| 212|0x000000061fe00000, 0x000000061fe00000, 0x0000000620000000|  0%| F|  |TAMS 0x000000061fe00000, 0x000000061fe00000| Untracked 
| 213|0x0000000620000000, 0x0000000620000000, 0x0000000620200000|  0%| F|  |TAMS 0x0000000620000000, 0x0000000620000000| Untracked 
| 214|0x0000000620200000, 0x0000000620200000, 0x0000000620400000|  0%| F|  |TAMS 0x0000000620200000, 0x0000000620200000| Untracked 
| 215|0x0000000620400000, 0x0000000620400000, 0x0000000620600000|  0%| F|  |TAMS 0x0000000620400000, 0x0000000620400000| Untracked 
| 216|0x0000000620600000, 0x0000000620600000, 0x0000000620800000|  0%| F|  |TAMS 0x0000000620600000, 0x0000000620600000| Untracked 
| 217|0x0000000620800000, 0x0000000620800000, 0x0000000620a00000|  0%| F|  |TAMS 0x0000000620800000, 0x0000000620800000| Untracked 
| 218|0x0000000620a00000, 0x0000000620a00000, 0x0000000620c00000|  0%| F|  |TAMS 0x0000000620a00000, 0x0000000620a00000| Untracked 
| 219|0x0000000620c00000, 0x0000000620c00000, 0x0000000620e00000|  0%| F|  |TAMS 0x0000000620c00000, 0x0000000620c00000| Untracked 
| 220|0x0000000620e00000, 0x0000000620e00000, 0x0000000621000000|  0%| F|  |TAMS 0x0000000620e00000, 0x0000000620e00000| Untracked 
| 221|0x0000000621000000, 0x0000000621000000, 0x0000000621200000|  0%| F|  |TAMS 0x0000000621000000, 0x0000000621000000| Untracked 
| 222|0x0000000621200000, 0x0000000621200000, 0x0000000621400000|  0%| F|  |TAMS 0x0000000621200000, 0x0000000621200000| Untracked 
| 223|0x0000000621400000, 0x0000000621400000, 0x0000000621600000|  0%| F|  |TAMS 0x0000000621400000, 0x0000000621400000| Untracked 
| 224|0x0000000621600000, 0x0000000621600000, 0x0000000621800000|  0%| F|  |TAMS 0x0000000621600000, 0x0000000621600000| Untracked 
| 225|0x0000000621800000, 0x0000000621800000, 0x0000000621a00000|  0%| F|  |TAMS 0x0000000621800000, 0x0000000621800000| Untracked 
| 226|0x0000000621a00000, 0x0000000621a00000, 0x0000000621c00000|  0%| F|  |TAMS 0x0000000621a00000, 0x0000000621a00000| Untracked 
| 227|0x0000000621c00000, 0x0000000621c00000, 0x0000000621e00000|  0%| F|  |TAMS 0x0000000621c00000, 0x0000000621c00000| Untracked 
| 228|0x0000000621e00000, 0x0000000621e00000, 0x0000000622000000|  0%| F|  |TAMS 0x0000000621e00000, 0x0000000621e00000| Untracked 
| 229|0x0000000622000000, 0x0000000622000000, 0x0000000622200000|  0%| F|  |TAMS 0x0000000622000000, 0x0000000622000000| Untracked 
| 230|0x0000000622200000, 0x0000000622200000, 0x0000000622400000|  0%| F|  |TAMS 0x0000000622200000, 0x0000000622200000| Untracked 
| 231|0x0000000622400000, 0x0000000622400000, 0x0000000622600000|  0%| F|  |TAMS 0x0000000622400000, 0x0000000622400000| Untracked 
| 232|0x0000000622600000, 0x0000000622600000, 0x0000000622800000|  0%| F|  |TAMS 0x0000000622600000, 0x0000000622600000| Untracked 
| 233|0x0000000622800000, 0x0000000622800000, 0x0000000622a00000|  0%| F|  |TAMS 0x0000000622800000, 0x0000000622800000| Untracked 
| 234|0x0000000622a00000, 0x0000000622a00000, 0x0000000622c00000|  0%| F|  |TAMS 0x0000000622a00000, 0x0000000622a00000| Untracked 
| 235|0x0000000622c00000, 0x0000000622c00000, 0x0000000622e00000|  0%| F|  |TAMS 0x0000000622c00000, 0x0000000622c00000| Untracked 
| 236|0x0000000622e00000, 0x0000000622e00000, 0x0000000623000000|  0%| F|  |TAMS 0x0000000622e00000, 0x0000000622e00000| Untracked 
| 237|0x0000000623000000, 0x0000000623000000, 0x0000000623200000|  0%| F|  |TAMS 0x0000000623000000, 0x0000000623000000| Untracked 
| 238|0x0000000623200000, 0x0000000623200000, 0x0000000623400000|  0%| F|  |TAMS 0x0000000623200000, 0x0000000623200000| Untracked 
| 239|0x0000000623400000, 0x0000000623400000, 0x0000000623600000|  0%| F|  |TAMS 0x0000000623400000, 0x0000000623400000| Untracked 
| 240|0x0000000623600000, 0x0000000623600000, 0x0000000623800000|  0%| F|  |TAMS 0x0000000623600000, 0x0000000623600000| Untracked 
| 241|0x0000000623800000, 0x0000000623800000, 0x0000000623a00000|  0%| F|  |TAMS 0x0000000623800000, 0x0000000623800000| Untracked 
| 242|0x0000000623a00000, 0x0000000623b71888, 0x0000000623c00000| 72%| S|CS|TAMS 0x0000000623a00000, 0x0000000623a00000| Complete 
| 243|0x0000000623c00000, 0x0000000623e00000, 0x0000000623e00000|100%| S|CS|TAMS 0x0000000623c00000, 0x0000000623c00000| Complete 
| 244|0x0000000623e00000, 0x0000000624000000, 0x0000000624000000|100%| S|CS|TAMS 0x0000000623e00000, 0x0000000623e00000| Complete 
| 245|0x0000000624000000, 0x0000000624000000, 0x0000000624200000|  0%| F|  |TAMS 0x0000000624000000, 0x0000000624000000| Untracked 
| 246|0x0000000624200000, 0x0000000624200000, 0x0000000624400000|  0%| F|  |TAMS 0x0000000624200000, 0x0000000624200000| Untracked 
| 247|0x0000000624400000, 0x0000000624400000, 0x0000000624600000|  0%| F|  |TAMS 0x0000000624400000, 0x0000000624400000| Untracked 
| 248|0x0000000624600000, 0x0000000624600000, 0x0000000624800000|  0%| F|  |TAMS 0x0000000624600000, 0x0000000624600000| Untracked 
| 249|0x0000000624800000, 0x0000000624800000, 0x0000000624a00000|  0%| F|  |TAMS 0x0000000624800000, 0x0000000624800000| Untracked 
| 250|0x0000000624a00000, 0x0000000624a00000, 0x0000000624c00000|  0%| F|  |TAMS 0x0000000624a00000, 0x0000000624a00000| Untracked 
| 251|0x0000000624c00000, 0x0000000624c00000, 0x0000000624e00000|  0%| F|  |TAMS 0x0000000624c00000, 0x0000000624c00000| Untracked 
| 252|0x0000000624e00000, 0x0000000624e00000, 0x0000000625000000|  0%| F|  |TAMS 0x0000000624e00000, 0x0000000624e00000| Untracked 
| 253|0x0000000625000000, 0x0000000625000000, 0x0000000625200000|  0%| F|  |TAMS 0x0000000625000000, 0x0000000625000000| Untracked 

Card table byte_map: [0x00000294eb9e0000,0x00000294ec9c0000] _byte_map_base: 0x00000294e89b5000

Marking Bits (Prev, Next): (CMBitMap*) 0x00000294d0e1a1a8, (CMBitMap*) 0x00000294d0e1a1e8
 Prev Bits: [0x00000294ed9a0000, 0x00000294f5848000)
 Next Bits: [0x00000294f5850000, 0x00000294fd6f8000)

Polling page: 0x00000294d0a60000

Metaspace:

Usage:
  Non-class:      5.73 MB capacity,     5.50 MB ( 96%) used,   220.52 KB (  4%) free+waste,    18.69 KB ( <1%) overhead. 
      Class:    874.00 KB capacity,   778.66 KB ( 89%) used,    84.59 KB ( 10%) free+waste,    10.75 KB (  1%) overhead. 
       Both:      6.58 MB capacity,     6.26 MB ( 95%) used,   305.10 KB (  5%) free+waste,    29.44 KB ( <1%) overhead. 

Virtual space:
  Non-class space:       16.00 MB reserved,       5.75 MB ( 36%) committed 
      Class space:        1.00 GB reserved,     896.00 KB ( <1%) committed 
             Both:        1.02 GB reserved,       6.63 MB ( <1%) committed 

Chunk freelists:
   Non-Class:  21.00 KB
       Class:  22.00 KB
        Both:  43.00 KB

MaxMetaspaceSize: 17179869184.00 GB
CompressedClassSpaceSize: 1.00 GB

CodeHeap 'non-profiled nmethods': size=233856Kb used=2116Kb max_used=2116Kb free=231739Kb
 bounds [0x00000294db600000, 0x00000294db870000, 0x00000294e9a60000]
CodeHeap 'non-nmethods': size=11904Kb used=1265Kb max_used=1265Kb free=10638Kb
 bounds [0x00000294daa60000, 0x00000294dacd0000, 0x00000294db600000]
 total_blobs=1985 nmethods=1278 adapters=370
 compilation: enabled
              stopped_count=0, restarted_count=0
 full_count=0

Compilation events (20 events):
Event: 0.781 Thread 0x0000029480a1f800 1268       1       java.util.BitSet::get (69 bytes)
Event: 0.781 Thread 0x0000029480a1f800 nmethod 1268 0x00000294db80c410 code [0x00000294db80c620, 0x00000294db80cb30]
Event: 0.782 Thread 0x0000029480a1f800 1270       1       java.lang.invoke.LambdaForm::forceInterpretation (14 bytes)
Event: 0.782 Thread 0x0000029480a1f800 nmethod 1270 0x00000294db80d110 code [0x00000294db80d2a0, 0x00000294db80d3f8]
Event: 0.782 Thread 0x0000029480a1f800 1271       1       java.lang.invoke.InvokerBytecodeGenerator::getInternalName (103 bytes)
Event: 0.782 Thread 0x0000029480a1f800 nmethod 1271 0x00000294db80d490 code [0x00000294db80d660, 0x00000294db80d9c0]
Event: 0.782 Thread 0x0000029480a1f800 1272       1       jdk.internal.org.objectweb.asm.ByteVector::put11 (52 bytes)
Event: 0.782 Thread 0x0000029480a1f800 nmethod 1272 0x00000294db80db10 code [0x00000294db80dcc0, 0x00000294db80ded0]
Event: 0.783 Thread 0x0000029480a1f800 1273       1       java.util.HashMap::isEmpty (13 bytes)
Event: 0.783 Thread 0x0000029480a1f800 nmethod 1273 0x00000294db80e010 code [0x00000294db80e1a0, 0x00000294db80e2f8]
Event: 0.783 Thread 0x0000029480a1f800 1274       1       sun.invoke.util.VerifyAccess::isTypeVisible (47 bytes)
Event: 0.783 Thread 0x0000029480a1f800 nmethod 1274 0x00000294db80e390 code [0x00000294db80e540, 0x00000294db80e760]
Event: 0.783 Thread 0x0000029480a1f800 1275       1       jdk.internal.reflect.DelegatingConstructorAccessorImpl::setDelegate (6 bytes)
Event: 0.783 Thread 0x0000029480a1f800 nmethod 1275 0x00000294db80e910 code [0x00000294db80eaa0, 0x00000294db80ec38]
Event: 0.784 Thread 0x0000029480a1f800 1276  s!   1       jdk.internal.loader.URLClassPath::getLoader (194 bytes)
Event: 0.784 Thread 0x0000029480a1f800 nmethod 1276 0x00000294db80ec90 code [0x00000294db80ef80, 0x00000294db80fed0]
Event: 0.784 Thread 0x0000029480a1f800 1277       1       java.util.LinkedHashMap::afterNodeInsertion (40 bytes)
Event: 0.785 Thread 0x0000029480a1f800 nmethod 1277 0x00000294db810a90 code [0x00000294db810c60, 0x00000294db810eb0]
Event: 0.785 Thread 0x0000029480a1f800 1278       1       java.security.PermissionCollection::isReadOnly (5 bytes)
Event: 0.785 Thread 0x0000029480a1f800 nmethod 1278 0x00000294db811010 code [0x00000294db8111a0, 0x00000294db8112d8]

GC Heap History (4 events):
Event: 0.649 GC heap before
{Heap before GC invocations=0 (full 0):
 garbage-first heap   total 520192K, used 22528K [0x0000000605600000, 0x0000000800000000)
  region size 2048K, 12 young (24576K), 0 survivors (0K)
 Metaspace       used 4895K, capacity 5398K, committed 5632K, reserved 1056768K
  class space    used 588K, capacity 681K, committed 768K, reserved 1048576K
}
Event: 0.653 GC heap after
{Heap after GC invocations=1 (full 0):
 garbage-first heap   total 520192K, used 6791K [0x0000000605600000, 0x0000000800000000)
  region size 2048K, 2 young (4096K), 2 survivors (4096K)
 Metaspace       used 4895K, capacity 5398K, committed 5632K, reserved 1056768K
  class space    used 588K, capacity 681K, committed 768K, reserved 1048576K
}
Event: 0.785 GC heap before
{Heap before GC invocations=1 (full 0):
 garbage-first heap   total 520192K, used 23175K [0x0000000605600000, 0x0000000800000000)
  region size 2048K, 11 young (22528K), 2 survivors (4096K)
 Metaspace       used 6406K, capacity 6741K, committed 6784K, reserved 1062912K
  class space    used 778K, capacity 874K, committed 896K, reserved 1048576K
}
Event: 0.789 GC heap after
{Heap after GC invocations=2 (full 0):
 garbage-first heap   total 520192K, used 8269K [0x0000000605600000, 0x0000000800000000)
  region size 2048K, 3 young (6144K), 3 survivors (6144K)
 Metaspace       used 6406K, capacity 6741K, committed 6784K, reserved 1062912K
  class space    used 778K, capacity 874K, committed 896K, reserved 1048576K
}

Deoptimization events (20 events):
Event: 0.777 Thread 0x00000294d0d8f000 DEOPT PACKING pc=0x00000294db7fccd4 sp=0x000000d0e29fe4d0
Event: 0.777 Thread 0x00000294d0d8f000 DEOPT UNPACKING pc=0x00000294daaa964e sp=0x000000d0e29fda60 mode 1
Event: 0.777 Thread 0x00000294d0d8f000 DEOPT PACKING pc=0x00000294db7a8004 sp=0x000000d0e29fe620
Event: 0.777 Thread 0x00000294d0d8f000 DEOPT UNPACKING pc=0x00000294daaa964e sp=0x000000d0e29fdb78 mode 1
Event: 0.777 Thread 0x00000294d0d8f000 DEOPT PACKING pc=0x00000294db7de8dc sp=0x000000d0e29fe760
Event: 0.777 Thread 0x00000294d0d8f000 DEOPT UNPACKING pc=0x00000294daaa964e sp=0x000000d0e29fdbf8 mode 1
Event: 0.777 Thread 0x00000294d0d8f000 DEOPT PACKING pc=0x00000294db7d44bc sp=0x000000d0e29fe830
Event: 0.778 Thread 0x00000294d0d8f000 DEOPT UNPACKING pc=0x00000294daaa964e sp=0x000000d0e29fdce8 mode 1
Event: 0.778 Thread 0x000002948219f000 DEOPT PACKING pc=0x00000294db6795ac sp=0x000000d0e48fdbb0
Event: 0.778 Thread 0x000002948219f000 DEOPT UNPACKING pc=0x00000294daaa964e sp=0x000000d0e48fd0a8 mode 1
Event: 0.778 Thread 0x000002948219f000 DEOPT PACKING pc=0x00000294db74364c sp=0x000000d0e48fdcc0
Event: 0.778 Thread 0x000002948219f000 DEOPT UNPACKING pc=0x00000294daaa964e sp=0x000000d0e48fd1d8 mode 1
Event: 0.778 Thread 0x000002948219f000 DEOPT PACKING pc=0x00000294db7fccd4 sp=0x000000d0e48fdf00
Event: 0.778 Thread 0x000002948219f000 DEOPT UNPACKING pc=0x00000294daaa964e sp=0x000000d0e48fd490 mode 1
Event: 0.778 Thread 0x000002948219f000 DEOPT PACKING pc=0x00000294db7a8004 sp=0x000000d0e48fe050
Event: 0.778 Thread 0x000002948219f000 DEOPT UNPACKING pc=0x00000294daaa964e sp=0x000000d0e48fd5a8 mode 1
Event: 0.778 Thread 0x000002948219f000 DEOPT PACKING pc=0x00000294db7de8dc sp=0x000000d0e48fe190
Event: 0.778 Thread 0x000002948219f000 DEOPT UNPACKING pc=0x00000294daaa964e sp=0x000000d0e48fd628 mode 1
Event: 0.778 Thread 0x000002948219f000 DEOPT PACKING pc=0x00000294db7d44bc sp=0x000000d0e48fe260
Event: 0.778 Thread 0x000002948219f000 DEOPT UNPACKING pc=0x00000294daaa964e sp=0x000000d0e48fd718 mode 1

Classes unloaded (0 events):
No events

Classes redefined (0 events):
No events

Internal exceptions (15 events):
Event: 0.437 Thread 0x00000294d0d8f000 Exception <a 'java/lang/NoSuchMethodError'{0x00000006247ec4c8}: 'java.lang.Object java.lang.invoke.DirectMethodHandle$Holder.invokeStaticInit(java.lang.Object, java.lang.Object, java.lang.Object)'> (0x00000006247ec4c8) 
thrown [t:/workspace/open/src/hotspot/share/interpreter/linkResolver.cpp, line 767]
Event: 0.440 Thread 0x00000294d0d8f000 Exception <a 'java/lang/NoSuchMethodError'{0x0000000624411c68}: 'int java.lang.invoke.DirectMethodHandle$Holder.invokeInterface(java.lang.Object, java.lang.Object)'> (0x0000000624411c68) 
thrown [t:/workspace/open/src/hotspot/share/interpreter/linkResolver.cpp, line 767]
Event: 0.440 Thread 0x00000294d0d8f000 Exception <a 'java/lang/IncompatibleClassChangeError'{0x0000000624414770}: Found class java.lang.Object, but interface was expected> (0x0000000624414770) 
thrown [t:/workspace/open/src/hotspot/share/interpreter/linkResolver.cpp, line 833]
Event: 0.500 Thread 0x00000294d0d8f000 Exception <a 'java/lang/NoSuchMethodError'{0x0000000624028670}: 'int java.lang.invoke.DirectMethodHandle$Holder.invokeSpecialIFC(java.lang.Object, java.lang.Object, java.lang.Object)'> (0x0000000624028670) 
thrown [t:/workspace/open/src/hotspot/share/interpreter/linkResolver.cpp, line 767]
Event: 0.515 Thread 0x00000294d0d8f000 Exception <a 'java/lang/NoSuchMethodError'{0x0000000624131e38}: 'java.lang.Object java.lang.invoke.DirectMethodHandle$Holder.invokeStaticInit(java.lang.Object, int, int, int, int)'> (0x0000000624131e38) 
thrown [t:/workspace/open/src/hotspot/share/interpreter/linkResolver.cpp, line 767]
Event: 0.589 Thread 0x00000294d0d8f000 Exception <a 'java/lang/NoSuchMethodError'{0x00000006241fdd98}: 'java.lang.Object java.lang.invoke.DirectMethodHandle$Holder.invokeStaticInit(java.lang.Object, java.lang.Object, int, int, int, int)'> (0x00000006241fdd98) 
thrown [t:/workspace/open/src/hotspot/share/interpreter/linkResolver.cpp, line 767]
Event: 0.598 Thread 0x00000294d0d8f000 Exception <a 'java/lang/ClassNotFoundException'{0x0000000623e571f8}: javax/management/remote/rmi/RMIServerImpl_Skel> (0x0000000623e571f8) 
thrown [t:/workspace/open/src/hotspot/share/classfile/systemDictionary.cpp, line 232]
Event: 0.641 Thread 0x00000294d0d8f000 Exception <a 'java/lang/ClassNotFoundException'{0x0000000623b5b3a8}: javax/smartcardio/CardPermission> (0x0000000623b5b3a8) 
thrown [t:/workspace/open/src/hotspot/share/classfile/systemDictionary.cpp, line 232]
Event: 0.642 Thread 0x00000294d0d8f000 Exception <a 'java/io/FileNotFoundException'{0x0000000623b6de48}> (0x0000000623b6de48) 
thrown [t:/workspace/open/src/hotspot/share/prims/jni.cpp, line 598]
Event: 0.729 Thread 0x00000294d0d8f000 Exception <a 'java/lang/NoSuchMethodError'{0x0000000624910800}: 'int java.lang.invoke.DirectMethodHandle$Holder.invokeStaticInit(java.lang.Object, java.lang.Object)'> (0x0000000624910800) 
thrown [t:/workspace/open/src/hotspot/share/interpreter/linkResolver.cpp, line 767]
Event: 0.776 Thread 0x000002948219f000 Exception <a 'java/lang/OutOfMemoryError'{0x0000000624356798}> (0x0000000624356798) 
thrown [t:/workspace/open/src/hotspot/share/prims/jni.cpp, line 619]
Event: 0.777 Thread 0x00000294d0d8f000 Exception <a 'java/lang/OutOfMemoryError'{0x0000000624270ee0}> (0x0000000624270ee0) 
thrown [t:/workspace/open/src/hotspot/share/prims/jni.cpp, line 619]
Event: 0.778 Thread 0x000002948219f000 Exception <a 'java/lang/OutOfMemoryError'{0x000000062436c7c0}> (0x000000062436c7c0) 
thrown [t:/workspace/open/src/hotspot/share/prims/jni.cpp, line 619]
Event: 0.782 Thread 0x000002948219f000 Exception <a 'java/lang/NoSuchMethodError'{0x0000000624008170}: 'void java.lang.invoke.DirectMethodHandle$Holder.invokeSpecial(java.lang.Object, java.lang.Object, java.lang.Object, java.lang.Object, java.lang.Object)'> (0x0000000624008170) 
thrown [t:/workspace/open/src/hotspot/share/interpreter/linkResolver.cpp, line 767]
Event: 0.783 Thread 0x000002948219f000 Exception <a 'java/lang/NoSuchMethodError'{0x000000062400fcb0}: 'int java.lang.invoke.DirectMethodHandle$Holder.invokeStaticInit(java.lang.Object, java.lang.Object, java.lang.Object)'> (0x000000062400fcb0) 
thrown [t:/workspace/open/src/hotspot/share/interpreter/linkResolver.cpp, line 767]

Events (20 events):
Event: 0.782 loading class org/springframework/util/LinkedCaseInsensitiveMap$1 done
Event: 0.782 Executing VM operation: Deoptimize
Event: 0.782 Executing VM operation: Deoptimize done
Event: 0.782 loading class org/springframework/util/MimeType
Event: 0.782 loading class org/springframework/util/MimeType done
Event: 0.783 loading class org/springframework/http/MediaType
Event: 0.783 loading class org/springframework/http/MediaType done
Event: 0.783 loading class org/springframework/http/MediaType
Event: 0.783 loading class org/springframework/http/MediaType done
Event: 0.783 loading class org/springframework/http/MediaType$1
Event: 0.783 loading class org/springframework/http/MediaType$1 done
Event: 0.783 Executing VM operation: RevokeBias
Event: 0.783 Executing VM operation: RevokeBias done
Event: 0.783 loading class javax/xml/bind/Binder
Event: 0.783 loading class javax/xml/bind/Binder done
Event: 0.784 loading class com/fasterxml/jackson/databind/ObjectMapper
Event: 0.784 loading class com/fasterxml/jackson/databind/ObjectMapper done
Event: 0.785 loading class com/fasterxml/jackson/core/Versioned
Event: 0.785 loading class com/fasterxml/jackson/core/Versioned done
Event: 0.785 Executing VM operation: CollectForMetadataAllocation


Dynamic libraries:
0x00007ff6684c0000 - 0x00007ff6684cf000 	C:\Program Files\Java\jdk-13.0.2\bin\java.exe
0x00007ffea37a0000 - 0x00007ffea3990000 	C:\Windows\SYSTEM32\ntdll.dll
0x00007ffea2840000 - 0x00007ffea28f2000 	C:\Windows\System32\KERNEL32.DLL
0x00007ffea14a0000 - 0x00007ffea1743000 	C:\Windows\System32\KERNELBASE.dll
0x00007ffea11a0000 - 0x00007ffea129a000 	C:\Windows\System32\ucrtbase.dll
0x00007ffe990b0000 - 0x00007ffe990c8000 	C:\Program Files\Java\jdk-13.0.2\bin\jli.dll
0x00007ffea31b0000 - 0x00007ffea3253000 	C:\Windows\System32\ADVAPI32.dll
0x00007ffe91800000 - 0x00007ffe91815000 	C:\Program Files\Java\jdk-13.0.2\bin\VCRUNTIME140.dll
0x00007ffea36c0000 - 0x00007ffea375e000 	C:\Windows\System32\msvcrt.dll
0x00007ffea2900000 - 0x00007ffea2997000 	C:\Windows\System32\sechost.dll
0x00007ffea2ed0000 - 0x00007ffea2ff0000 	C:\Windows\System32\RPCRT4.dll
0x00007ffea2a40000 - 0x00007ffea2bd4000 	C:\Windows\System32\USER32.dll
0x00007ffea1800000 - 0x00007ffea1821000 	C:\Windows\System32\win32u.dll
0x00007ffea27e0000 - 0x00007ffea2806000 	C:\Windows\System32\GDI32.dll
0x00007ffe8dd20000 - 0x00007ffe8dfa5000 	C:\Windows\WinSxS\amd64_microsoft.windows.common-controls_6595b64144ccf1df_6.0.18362.720_none_e6beb5c51314836b\COMCTL32.dll
0x00007ffea07d0000 - 0x00007ffea0964000 	C:\Windows\System32\gdi32full.dll
0x00007ffea3310000 - 0x00007ffea3646000 	C:\Windows\System32\combase.dll
0x00007ffea0730000 - 0x00007ffea07ce000 	C:\Windows\System32\msvcp_win.dll
0x00007ffea0970000 - 0x00007ffea09f0000 	C:\Windows\System32\bcryptPrimitives.dll
0x00007ffe9b670000 - 0x00007ffe9b67a000 	C:\Windows\SYSTEM32\VERSION.dll
0x00007ffea2810000 - 0x00007ffea283e000 	C:\Windows\System32\IMM32.DLL
0x00007ffe8ca10000 - 0x00007ffe8caab000 	C:\Program Files\Java\jdk-13.0.2\bin\msvcp140.dll
0x00007ffe6d3f0000 - 0x00007ffe6df4d000 	C:\Program Files\Java\jdk-13.0.2\bin\server\jvm.dll
0x00007ffea2ff0000 - 0x00007ffea2ff8000 	C:\Windows\System32\PSAPI.DLL
0x00007ffe8fe40000 - 0x00007ffe8fe49000 	C:\Windows\SYSTEM32\WSOCK32.dll
0x00007ffea2c50000 - 0x00007ffea2cbf000 	C:\Windows\System32\WS2_32.dll
0x00007ffe9bc10000 - 0x00007ffe9bc34000 	C:\Windows\SYSTEM32\WINMM.dll
0x00007ffe9bbe0000 - 0x00007ffe9bc0d000 	C:\Windows\SYSTEM32\winmmbase.dll
0x00007ffea12a0000 - 0x00007ffea12ea000 	C:\Windows\System32\cfgmgr32.dll
0x00007ffea06a0000 - 0x00007ffea06b1000 	C:\Windows\System32\kernel.appcore.dll
0x00007ffe99290000 - 0x00007ffe992a0000 	C:\Program Files\Java\jdk-13.0.2\bin\verify.dll
0x00007ffe8fe50000 - 0x00007ffe90044000 	C:\Windows\SYSTEM32\DBGHELP.DLL
0x00007ffe8f830000 - 0x00007ffe8f85a000 	C:\Windows\SYSTEM32\dbgcore.DLL
0x00007ffe917d0000 - 0x00007ffe917f6000 	C:\Program Files\Java\jdk-13.0.2\bin\java.dll
0x00007ffe91830000 - 0x00007ffe91868000 	C:\Program Files\Java\jdk-13.0.2\bin\jdwp.dll
0x00007ffe99460000 - 0x00007ffe9946e000 	C:\Program Files\Java\jdk-13.0.2\bin\instrument.dll
0x00007ffe8f430000 - 0x00007ffe8f447000 	C:\Program Files\Java\jdk-13.0.2\bin\zip.dll
0x00007ffe991d0000 - 0x00007ffe991da000 	C:\Program Files\Java\jdk-13.0.2\bin\jimage.dll
0x00007ffea1f40000 - 0x00007ffea2625000 	C:\Windows\System32\SHELL32.dll
0x00007ffea2e20000 - 0x00007ffea2ec9000 	C:\Windows\System32\shcore.dll
0x00007ffea09f0000 - 0x00007ffea1170000 	C:\Windows\System32\windows.storage.dll
0x00007ffea0670000 - 0x00007ffea0693000 	C:\Windows\System32\profapi.dll
0x00007ffea06e0000 - 0x00007ffea072a000 	C:\Windows\System32\powrprof.dll
0x00007ffea0660000 - 0x00007ffea0670000 	C:\Windows\System32\UMPDC.dll
0x00007ffea3150000 - 0x00007ffea31a2000 	C:\Windows\System32\shlwapi.dll
0x00007ffea1830000 - 0x00007ffea1847000 	C:\Windows\System32\cryptsp.dll
0x00007ffe99330000 - 0x00007ffe9933b000 	C:\Program Files\Java\jdk-13.0.2\bin\dt_socket.dll
0x00007ffe9fed0000 - 0x00007ffe9ff37000 	C:\Windows\system32\mswsock.dll
0x00007ffe8f410000 - 0x00007ffe8f429000 	C:\Program Files\Java\jdk-13.0.2\bin\net.dll
0x00007ffe98b50000 - 0x00007ffe98c41000 	C:\Windows\SYSTEM32\WINHTTP.dll
0x00007ffe8d180000 - 0x00007ffe8d193000 	C:\Program Files\Java\jdk-13.0.2\bin\nio.dll
0x00007ffe9fc20000 - 0x00007ffe9fcea000 	C:\Windows\SYSTEM32\DNSAPI.dll
0x00007ffea36b0000 - 0x00007ffea36b8000 	C:\Windows\System32\NSI.dll
0x00007ffe9fbe0000 - 0x00007ffe9fc1a000 	C:\Windows\SYSTEM32\IPHLPAPI.DLL
0x00007ffe97280000 - 0x00007ffe9728a000 	C:\Windows\System32\rasadhlp.dll
0x00007ffe9a720000 - 0x00007ffe9a797000 	C:\Windows\System32\fwpuclnt.dll
0x00007ffea1170000 - 0x00007ffea1196000 	C:\Windows\System32\bcrypt.dll
0x00007ffe919f0000 - 0x00007ffe919f9000 	C:\Program Files\Java\jdk-13.0.2\bin\management.dll
0x00007ffe91680000 - 0x00007ffe9168b000 	C:\Program Files\Java\jdk-13.0.2\bin\management_ext.dll
0x00007ffe9fa40000 - 0x00007ffe9fa73000 	C:\Windows\system32\rsaenh.dll
0x00007ffea0580000 - 0x00007ffea05a5000 	C:\Windows\SYSTEM32\USERENV.dll
0x00007ffea00a0000 - 0x00007ffea00ac000 	C:\Windows\SYSTEM32\CRYPTBASE.dll
0x00007ffe9b030000 - 0x00007ffe9b046000 	C:\Windows\SYSTEM32\dhcpcsvc6.DLL
0x00007ffe9b010000 - 0x00007ffe9b02c000 	C:\Windows\SYSTEM32\dhcpcsvc.DLL
0x00007ffe8d050000 - 0x00007ffe8d066000 	C:\Windows\system32\napinsp.dll
0x00007ffe8d010000 - 0x00007ffe8d02a000 	C:\Windows\system32\pnrpnsp.dll
0x00007ffe8cff0000 - 0x00007ffe8cffe000 	C:\Windows\System32\winrnr.dll
0x00007ffe9d860000 - 0x00007ffe9d87c000 	C:\Windows\system32\NLAapi.dll
0x00007ffe8cfd0000 - 0x00007ffe8cfe5000 	C:\Windows\system32\wshbth.dll

dbghelp: loaded successfully - version: 4.0.5 - missing functions: none
symbol engine: initialized successfully - sym options: 0x614 - pdb path: .;C:\Program Files\Java\jdk-13.0.2\bin;C:\Windows\SYSTEM32;C:\Windows\WinSxS\amd64_microsoft.windows.common-controls_6595b64144ccf1df_6.0.18362.720_none_e6beb5c51314836b;C:\Program Files\Java\jdk-13.0.2\bin\server

VM Arguments:
jvm_args: -agentlib:jdwp=transport=dt_socket,address=127.0.0.1:51274,suspend=y,server=n -Dvisualvm.id=450952010248100 -XX:TieredStopAtLevel=1 -Xverify:none -Dspring.output.ansi.enabled=always -Dcom.sun.management.jmxremote -Dspring.jmx.enabled=true -Dspring.liveBeansView.mbeanDomain -Dspring.application.admin.enabled=true -javaagent:C:\Users\davidpaul\.IntelliJIdea2019.2\system\groovyHotSwap\gragent.jar -javaagent:C:\Users\davidpaul\.IntelliJIdea2019.2\system\captureAgent\debugger-agent.jar -Dfile.encoding=UTF-8 
java_command: com.rest.api.SpringRestApiApplication
java_class_path (initial): C:\Users\davidpaul\OneDrive\docu\SpringRestApi-board-api\out\production\classes;C:\Users\davidpaul\OneDrive\docu\SpringRestApi-board-api\out\production\resources;C:\Users\davidpaul\.gradle\caches\modules-2\files-2.1\org.springframework.boot\spring-boot-starter-data-jpa\2.1.4.RELEASE\d5b7a85a533cb631048a8fd161f508a9a1f69f44\spring-boot-starter-data-jpa-2.1.4.RELEASE.jar;C:\Users\davidpaul\.gradle\caches\modules-2\files-2.1\org.springframework.boot\spring-boot-starter-freemarker\2.1.4.RELEASE\38fb2862111f6c3130b7255dc0d2ece759dc2c45\spring-boot-starter-freemarker-2.1.4.RELEASE.jar;C:\Users\davidpaul\.gradle\caches\modules-2\files-2.1\org.springframework.boot\spring-boot-starter-web\2.1.4.RELEASE\a4659d55f57421a5ef122cb670b7b544ef8190e8\spring-boot-starter-web-2.1.4.RELEASE.jar;C:\Users\davidpaul\.gradle\caches\modules-2\files-2.1\org.springframework.boot\spring-boot-starter-security\2.1.4.RELEASE\7f8755a11498310510c223c1b4d6fb888561f2d\spring-boot-starter-security-2.1.4.RELEASE.jar;C:\Users\davidpaul\.gradle\caches\modules-2\files-2.1\org.springframework.boot\spring-boot-starter-actuator\2.1.4.RELEASE\3f3897febeecb4c3243e5a31bee769e4d9fd9445\spring-boot-starter-actuator-2.1.4.RELEASE.jar;C:\Users\davidpaul\.gradle\caches\modules-2\files-2.1\org.springframework.boot\spring-boot-starter-data-redis\2.1.4.RELEASE\ba86ff2303a1ca8e86468225adce96c4a37f9f5\spring-boot-starter-data-redis-2.1.4.RELEASE.jar;C:\Users\davidpaul\.gradle\caches\modules-2\files-2.1\it.ozimov\embedded-redis\0.7.2\17c1e9b1440803434ae52b0ba6782ba055cd4125\embedded-redis-0.7.2.jar;C:\Users\davidpaul\.gradle\caches\modules-2\files-2.1\io.jsonwebtoken\jjwt\0.9.1\54d2abfc3e63a28824d35bf600d6a5d627da681a\jjwt-0.9.1.jar;C:\Users\davidpaul\.gradle\caches\modules-2\files-2.1\io.springfox\springfox-swagger2\2.6.1\73c3a70ec0b10b61c8eb9ef1659131cd78dbbd82\springfox-swagger2-2.6.1.jar;C:\Users\davidpaul\.gradle\caches\modules-2\files-2.1\io.springfox\springfox-swagger-ui\2.6.1\4c854c86c
Launcher Type: SUN_STANDARD

[Global flags]
     intx CICompilerCount                          = 12                                        {product} {ergonomic}
     uint ConcGCThreads                            = 3                                         {product} {ergonomic}
     uint G1ConcRefinementThreads                  = 13                                        {product} {ergonomic}
   size_t G1HeapRegionSize                         = 2097152                                   {product} {ergonomic}
    uintx GCDrainStackTargetSize                   = 64                                        {product} {ergonomic}
   size_t InitialHeapSize                          = 532676608                                 {product} {ergonomic}
     bool ManagementServer                         = true                                      {product} {command line}
   size_t MarkStackSize                            = 4194304                                   {product} {ergonomic}
   size_t MaxHeapSize                              = 8499757056                                {product} {ergonomic}
   size_t MaxNewSize                               = 5098176512                                {product} {ergonomic}
   size_t MinHeapDeltaBytes                        = 2097152                                   {product} {ergonomic}
   size_t MinHeapSize                              = 8388608                                   {product} {ergonomic}
    uintx NonNMethodCodeHeapSize                   = 12163472                               {pd product} {ergonomic}
    uintx NonProfiledCodeHeapSize                  = 239494768                              {pd product} {ergonomic}
    uintx ProfiledCodeHeapSize                     = 0                                      {pd product} {ergonomic}
    uintx ReservedCodeCacheSize                    = 251658240                              {pd product} {ergonomic}
     bool SegmentedCodeCache                       = true                                      {product} {ergonomic}
   size_t SoftMaxHeapSize                          = 8499757056                             {manageable} {ergonomic}
     intx TieredStopAtLevel                        = 1                                         {product} {command line}
     bool UseCompressedClassPointers               = true                                 {lp64_product} {ergonomic}
     bool UseCompressedOops                        = true                                 {lp64_product} {ergonomic}
     bool UseG1GC                                  = true                                      {product} {ergonomic}
     bool UseLargePagesIndividualAllocation        = false                                  {pd product} {ergonomic}

Logging:
Log output configuration:
 #0: stdout all=warning uptime,level,tags
 #1: stderr all=off uptime,level,tags

Environment Variables:
JAVA_HOME=C:\Program Files\Java\jre1.8.0_231
PATH=C:\Aerobase\Aerobase\embedded\sbin;C:\oraclexe\app\oracle\product\11.2.0\server\bin;C:\Program Files (x86)\Common Files\Oracle\Java\javapath;C:\oraclexe\app\oracle\product\11.2.0\server\bin;C:\Windows\system32;C:\Windows;C:\Windows\System32\Wbem;C:\Windows\System32\WindowsPowerShell\v1.0\;C:\Windows\System32\OpenSSH\;C:\Program Files\Java\jdk1.8.0_231\bin;C:\Program Files (x86)\Microsoft SQL Server\150\DTS\Binn\;c:\Program Files (x86)\Microsoft SQL Server\100\Tools\Binn\;c:\Program Files\Microsoft SQL Server\100\Tools\Binn\;c:\Program Files\Microsoft SQL Server\100\DTS\Binn\;c:\Program Files (x86)\Microsoft SQL Server\100\Tools\Binn\VSShell\Common7\IDE\;c:\Program Files (x86)\Microsoft SQL Server\100\DTS\Binn\;c:\Program Files (x86)\Microsoft Visual Studio 9.0\Common7\IDE\PrivateAssemblies\;C:\Program Files\VisualSVN Server\bin;C:\Program Files\TortoiseSVN\bin;C:\Program Files\dotnet\;C:\Program Files\Microsoft SQL Server\130\Tools\Binn\;C:\Program Files\Microsoft SQL Server\Client SDK\ODBC\170\Tools\Binn\;C:\Program Files\Microsoft\Web Platform Installer\;C:\Program Files\Git\cmd;C:\h2-2019-10-14\h2\bin;C:\Program Files\WSO2\Identity Server\5.10.0\bin\..\bin;C:\Aerobase\Aerobase\bin\;C:\Users\davidpaul\AppData\Local\Microsoft\WindowsApps;C:\Users\davidpaul\AppData\Local\Programs\Microsoft VS Code\bin;C:\Program Files\JetBrains\IntelliJ IDEA 2019.2.4\bin;;
USERNAME=davidpaul
OS=Windows_NT
PROCESSOR_IDENTIFIER=Intel64 Family 6 Model 158 Stepping 13, GenuineIntel



---------------  S Y S T E M  ---------------

OS: Windows 10 , 64 bit Build 18362 (10.0.18362.329)

CPU:total 16 (initial active 16) (8 cores per cpu, 2 threads per core) family 6 model 158 stepping 13, cmov, cx8, fxsr, mmx, sse, sse2, sse3, ssse3, sse4.1, sse4.2, popcnt, avx, avx2, aes, clmul, erms, rtm, 3dnowpref, lzcnt, ht, tsc, tscinvbit, bmi1, bmi2, adx, fma

Memory: 4k page, system-wide physical 32423M (10403M free)
TotalPageFile size 32423M (AvailPageFile size 4M)
current process WorkingSet (physical memory assigned to process): 83M, peak: 84M
current process commit charge ("private bytes"): 633M, peak: 634M

vm_info: Java HotSpot(TM) 64-Bit Server VM (13.0.2+8) for windows-amd64 JRE (13.0.2+8), built on Dec 11 2019 09:20:33 by "mach5one" with unknown MS VC++:1916

END.
